\BOOKMARK [0][]{chapter*.1}{\376\377\006\176\006\314\006\064\040\014\006\257\006\101\006\052\006\047\006\061}{}% 1
\BOOKMARK [-1][]{part.1}{\376\377\006\047\006\110\006\104\000\040\006\067\006\061\006\055}{}% 2
\BOOKMARK [0][]{chapter.1}{\376\377\0001\000\040\006\105\006\102\006\057\006\105\006\107}{part.1}% 3
\BOOKMARK [0][]{chapter.2}{\376\377\0002\000\040\006\047\006\065\006\110\006\104\000\040\006\061\006\047\006\107\006\106\006\105\006\047\006\314\000\040\006\067\006\061\006\047\006\055\006\314\000\040\006\106\006\070\006\047\006\105\000\040\006\106\006\107\006\047\006\057\006\314\000\040\006\257\006\060\006\047\006\061}{part.1}% 4
\BOOKMARK [0][]{chapter.3}{\376\377\0003\000\040\006\206\006\047\006\061\006\206\006\110\006\050\000\040\006\257\006\060\006\047\006\061\000:\000\040\006\105\006\054\006\104\006\063\000\040\006\105\006\107\006\063\006\052\006\047\006\106}{part.1}% 5
\BOOKMARK [1][]{section.3.1}{\376\377\0003\000.\0001\000\040\006\101\006\061\006\047\006\314\006\106\006\057\000\040\006\047\006\106\006\052\006\056\006\047\006\050\006\047\006\052\000\040\006\110\000\040\006\052\006\064\006\251\006\314\006\104\000\040\006\105\006\054\006\104\006\063}{chapter.3}% 6
\BOOKMARK [1][]{section.3.2}{\376\377\0003\000.\0002\000\040\006\052\006\061\006\251\006\314\006\050\000\040\006\105\006\054\006\104\006\063\000\040\006\105\006\107\006\063\006\052\006\047\006\106}{chapter.3}% 7
\BOOKMARK [1][]{section.3.3}{\376\377\0003\000.\0003\000\040\006\107\006\314\006\043\006\052\000\040\006\061\006\046\006\314\006\063\006\107\000\040\006\110\000\040\006\063\006\047\006\056\006\052\006\047\006\061\000\040\006\057\006\047\006\056\006\104\006\314}{chapter.3}% 8
\BOOKMARK [1][]{section.3.4}{\376\377\0003\000.\0004\000\040\006\052\006\064\006\251\006\314\006\104\000\040\006\251\006\047\006\050\006\314\006\106\006\107\040\014\006\314\000\040\006\047\006\054\006\061\006\047\006\314\006\314\000\040\006\105\006\110\006\102\006\052}{chapter.3}% 9
\BOOKMARK [1][]{section.3.5}{\376\377\0003\000.\0005\000\040\006\105\006\043\006\105\006\110\006\061\006\314\006\052\040\014\006\107\006\047\006\314\000\040\006\110\006\314\006\230\006\107\000\040\006\110\000\040\006\106\006\107\006\047\006\057\006\063\006\047\006\062\006\314}{chapter.3}% 10
\BOOKMARK [2][]{subsection.3.5.1}{\376\377\0003\000.\0005\000.\0001\000\040\006\047\006\104\006\101\000\051\000\040\006\102\006\047\006\106\006\110\006\106\000\040\006\047\006\063\006\047\006\063\006\314\000\040\006\105\006\110\006\102\006\052\000\040\040\024\000\040\006\105\006\043\006\105\006\110\006\061\006\314\006\052\000\040\006\101\006\110\006\061\006\314}{section.3.5}% 11
\BOOKMARK [2][]{subsection.3.5.2}{\376\377\0003\000.\0005\000.\0002\000\040\006\050\000\051\000\040\006\064\006\110\006\061\006\047\006\314\000\040\006\102\006\066\006\047\006\314\006\314\000\040\006\047\006\106\006\052\006\102\006\047\006\104\006\314}{section.3.5}% 12
\BOOKMARK [2][]{subsection.3.5.3}{\376\377\0003\000.\0005\000.\0003\000\040\006\054\000\051\000\040\006\101\006\061\006\105\006\047\006\106\006\057\006\107\006\314\000\040\006\106\006\070\006\047\006\105\006\314\040\014\006\047\006\106\006\052\006\070\006\047\006\105\006\314\000\040\006\105\006\110\006\102\006\052}{section.3.5}% 13
\BOOKMARK [2][]{subsection.3.5.4}{\376\377\0003\000.\0005\000.\0004\000\040\006\057\000\051\000\040\006\251\006\105\006\314\006\063\006\314\006\110\006\106\000\040\006\105\006\104\006\314\000\040\006\047\006\065\006\104\006\047\006\055\000\040\006\050\006\056\006\064\000\040\006\047\006\105\006\106\006\314\006\052\006\314\000\040\000\050\000S\000S\000R\000\051}{section.3.5}% 14
\BOOKMARK [2][]{subsection.3.5.5}{\376\377\0003\000.\0005\000.\0005\000\040\006\107\000\051\000\040\006\251\006\105\006\314\006\063\006\314\006\110\006\106\000\040\006\071\006\057\006\047\006\104\006\052\000\040\006\047\006\106\006\052\006\102\006\047\006\104\006\314}{section.3.5}% 15
\BOOKMARK [2][]{subsection.3.5.6}{\376\377\0003\000.\0005\000.\0006\000\040\006\110\000\051\000\040\006\106\006\107\006\047\006\057\000\040\006\106\006\047\006\070\006\061\000\040\006\105\006\063\006\052\006\102\006\104\000\040\006\047\006\106\006\052\006\056\006\047\006\050\006\047\006\052}{section.3.5}% 16
\BOOKMARK [2][]{subsection.3.5.7}{\376\377\0003\000.\0005\000.\0007\000\040\006\062\000\051\000\040\006\042\006\105\006\050\006\110\006\057\006\062\006\105\006\047\006\106\000\040\000\050\006\106\006\107\006\047\006\057\000\040\006\055\006\102\006\110\006\102\000\040\006\064\006\107\006\061\006\110\006\106\006\057\006\314\000\051}{section.3.5}% 17
\BOOKMARK [2][]{subsection.3.5.8}{\376\377\0003\000.\0005\000.\0008\000\040\006\055\000\051\000\040\006\251\006\105\006\314\006\063\006\314\006\110\006\106\000\040\006\105\006\104\006\314\000\040\006\061\006\063\006\047\006\106\006\107\040\014\006\107\006\047}{section.3.5}% 18
\BOOKMARK [2][]{subsection.3.5.9}{\376\377\0003\000.\0005\000.\0009\000\040\006\067\000\051\000\040\006\064\006\110\006\061\006\047\006\314\000\040\006\047\006\102\006\052\006\065\006\047\006\057\006\314\000\040\006\057\006\110\006\061\006\047\006\106\000\040\006\257\006\060\006\047\006\061}{section.3.5}% 19
\BOOKMARK [2][]{subsection.3.5.10}{\376\377\0003\000.\0005\000.\0001\0000\000\040\006\314\000\051\000\040\006\105\006\061\006\251\006\062\000\040\006\052\006\055\006\102\006\314\006\102\006\047\006\052\000\040\006\105\006\054\006\104\006\063\000\040\006\105\006\107\006\063\006\052\006\047\006\106\000\040\000\050\006\050\006\047\006\062\006\110\006\314\000\040\006\052\006\251\006\106\006\110\006\251\006\061\006\047\006\052\006\314\006\251\000\051}{section.3.5}% 20
\BOOKMARK [1][]{section.3.6}{\376\377\0003\000.\0006\000\040\006\110\006\047\006\055\006\057\000\040\006\047\006\061\006\052\006\050\006\047\006\067\000\040\006\105\006\061\006\057\006\105\006\314\000\040\006\110\000\040\006\057\006\105\006\110\006\251\006\061\006\047\006\063\006\314\000\040\006\105\006\063\006\052\006\102\006\314\006\105\000\040\000\050\006\050\006\047\006\062\006\110\006\314\000\040\006\057\006\105\006\110\006\251\006\061\006\047\006\052\006\314\006\251\000\051}{chapter.3}% 21
\BOOKMARK [1][]{section.3.7}{\376\377\0003\000.\0007\000\040\006\047\006\102\006\057\006\047\006\105\006\047\006\052\000\040\006\047\006\110\006\104\006\314\006\107\040\014\006\314\000\040\006\101\006\110\006\061\006\314}{chapter.3}% 22
\BOOKMARK [1][]{section.3.8}{\376\377\0003\000.\0008\000\040\006\047\006\110\006\104\006\110\006\314\006\052\040\014\006\050\006\106\006\057\006\314\000\040\006\102\006\047\006\106\006\110\006\106\040\014\006\257\006\060\006\047\006\061\006\314}{chapter.3}% 23
\BOOKMARK [1][]{section.3.9}{\376\377\0003\000.\0009\000\040\006\101\006\061\006\047\006\314\006\106\006\057\000\040\006\052\006\102\006\106\006\314\006\106\006\314\000\040\040\024\000\040\006\052\006\061\006\251\006\314\006\050\000\040\006\052\006\056\006\065\006\065\000\040\006\110\000\040\006\057\006\105\006\110\006\251\006\061\006\047\006\063\006\314\000\040\006\105\006\063\006\052\006\102\006\314\006\105}{chapter.3}% 24
\BOOKMARK [1][]{section.3.10}{\376\377\0003\000.\0001\0000\000\040\006\105\006\110\006\047\006\061\006\057\000\040\006\047\006\104\006\062\006\047\006\105\006\314\000\040\006\061\006\101\006\061\006\047\006\106\006\057\006\110\006\105}{chapter.3}% 25
\BOOKMARK [1][]{section.3.11}{\376\377\0003\000.\0001\0001\000\040\006\063\006\047\006\062\006\110\006\251\006\047\006\061\006\107\006\047\006\314\000\040\006\106\006\070\006\047\006\061\006\052\000\040\006\110\000\040\006\176\006\047\006\063\006\056\040\014\006\257\006\110\006\314\006\314}{chapter.3}% 26
\BOOKMARK [1][]{section.3.12}{\376\377\0003\000.\0001\0002\000\040\006\105\006\043\006\105\006\110\006\061\006\314\006\052\000\040\006\052\006\057\006\110\006\314\006\106\000\040\006\102\006\047\006\106\006\110\006\106\000\040\006\047\006\063\006\047\006\063\006\314\000\040\006\106\006\107\006\047\006\314\006\314}{chapter.3}% 27
\BOOKMARK [0][]{chapter.4}{\376\377\0004\000\040\006\106\006\105\006\110\006\057\006\047\006\061\000\040\006\054\006\047\006\105\006\071\000\040\006\063\006\047\006\056\006\052\006\047\006\061\000\040\006\106\006\107\006\047\006\057\006\314}{part.1}% 28
\BOOKMARK [0][]{chapter.5}{\376\377\0005\000\040\006\047\006\065\006\110\006\104\000\040\006\050\006\106\006\314\006\047\006\057\006\314\006\106\000\040\006\072\006\314\006\061\006\102\006\047\006\050\006\104\040\014\006\106\006\102\006\066}{part.1}% 29
\BOOKMARK [0][]{chapter.6}{\376\377\0006\000\040\006\056\006\067\000\040\006\062\006\105\006\047\006\106\006\314\000\040\006\054\006\047\006\105\006\071\000\040\006\257\006\060\006\047\006\061}{part.1}% 30
\BOOKMARK [0][]{chapter.7}{\376\377\0007\000\040\006\101\006\061\006\047\006\056\006\110\006\047\006\106}{part.1}% 31
